<?xml version="1.0" encoding="UTF-8"?>
<!-- Generated by org.testng.reporters.JUnitXMLReporter -->
<testsuite hostname="DESKTOP-208T3B8" name="Default test" tests="2" failures="0" timestamp="15 Oct 2018 08:11:42 GMT" time="57.246" errors="0">
  <testcase name="TC001_LaunchProconceptURL" time="34.605" classname="com.edu.Test.ProConceptProductCreationTest"/>
  <testcase name="TC002_NavigateToProduct" time="15.644" classname="com.edu.Test.ProConceptProductCreationTest"/>
</testsuite> <!-- Default test -->
