<?xml version="1.0" encoding="UTF-8"?>
<!-- Generated by org.testng.reporters.JUnitXMLReporter -->
<testsuite hostname="DESKTOP-208T3B8" name="Proconcept Test" tests="2" failures="0" timestamp="16 Oct 2018 11:00:25 GMT" time="45.176" errors="0">
  <testcase name="TC001_LaunchProconceptURL" time="24.459" classname="com.edu.Test.ProConceptProductCreationTest"/>
  <testcase name="TC002_NavigateToProduct" time="11.283" classname="com.edu.Test.ProConceptProductCreationTest"/>
</testsuite> <!-- Proconcept Test -->
