<?xml version="1.0" encoding="UTF-8"?>
<!-- Generated by org.testng.reporters.JUnitXMLReporter -->
<testsuite hostname="DESKTOP-208T3B8" name="Proconcept Test" tests="2" failures="0" timestamp="15 Oct 2018 08:19:05 GMT" time="50.531" errors="0">
  <testcase name="TC001_LaunchProconceptURL" time="24.594" classname="com.edu.Test.ProConceptProductCreationTest"/>
  <testcase name="TC002_NavigateToProduct" time="17.378" classname="com.edu.Test.ProConceptProductCreationTest"/>
</testsuite> <!-- Proconcept Test -->
